<?xml version="1.0" encoding="UTF-8"?>
<testng-results skipped="0" failed="0" ignored="0" total="1" passed="1">
  <reporter-output>
  </reporter-output>
  <suite name="Default suite" duration-ms="40498" started-at="2020-06-12T01:08:50Z" finished-at="2020-06-12T01:09:31Z">
    <groups>
    </groups>
    <test name="Default test" duration-ms="40498" started-at="2020-06-12T01:08:50Z" finished-at="2020-06-12T01:09:31Z">
      <class name="may2020SeleniumSessions.YahooHomePage">
        <test-method status="PASS" signature="setup()[pri:0, instance:may2020SeleniumSessions.YahooHomePage@e45eb6]" name="setup" is-config="true" duration-ms="14416" started-at="2020-06-12T01:08:50Z" finished-at="2020-06-12T01:09:05Z">
          <reporter-output>
          </reporter-output>
        </test-method> <!-- setup -->
        <test-method status="PASS" signature="printLinks()[pri:0, instance:may2020SeleniumSessions.YahooHomePage@e45eb6]" name="printLinks" duration-ms="25210" started-at="2020-06-12T01:09:05Z" finished-at="2020-06-12T01:09:30Z">
          <reporter-output>
          </reporter-output>
        </test-method> <!-- printLinks -->
        <test-method status="PASS" signature="teardown()[pri:0, instance:may2020SeleniumSessions.YahooHomePage@e45eb6]" name="teardown" is-config="true" duration-ms="766" started-at="2020-06-12T01:09:30Z" finished-at="2020-06-12T01:09:31Z">
          <reporter-output>
          </reporter-output>
        </test-method> <!-- teardown -->
      </class> <!-- may2020SeleniumSessions.YahooHomePage -->
    </test> <!-- Default test -->
  </suite> <!-- Default suite -->
</testng-results>
